C:\USERS\ADMINISTRATOR\DOCUMENTS\VISUAL STUDIO 2012\PROJECTS\YSPO\DEBUG\APP.OBJ
C:\USERS\ADMINISTRATOR\DOCUMENTS\VISUAL STUDIO 2012\PROJECTS\YSPO\DEBUG\CONNECTION.OBJ
C:\USERS\ADMINISTRATOR\DOCUMENTS\VISUAL STUDIO 2012\PROJECTS\YSPO\DEBUG\COOKIE.OBJ
C:\USERS\ADMINISTRATOR\DOCUMENTS\VISUAL STUDIO 2012\PROJECTS\YSPO\DEBUG\MAIN.OBJ
C:\USERS\ADMINISTRATOR\DOCUMENTS\VISUAL STUDIO 2012\PROJECTS\YSPO\DEBUG\REQUEST.OBJ
C:\USERS\ADMINISTRATOR\DOCUMENTS\VISUAL STUDIO 2012\PROJECTS\YSPO\DEBUG\RESPONSE.OBJ
C:\USERS\ADMINISTRATOR\DOCUMENTS\VISUAL STUDIO 2012\PROJECTS\YSPO\DEBUG\SERVER.OBJ
C:\USERS\ADMINISTRATOR\DOCUMENTS\VISUAL STUDIO 2012\PROJECTS\YSPO\DEBUG\SESSION.OBJ
C:\USERS\ADMINISTRATOR\DOCUMENTS\VISUAL STUDIO 2012\PROJECTS\YSPO\DEBUG\UTILS.OBJ
C:\USERS\ADMINISTRATOR\DOCUMENTS\VISUAL STUDIO 2012\PROJECTS\YSPO\DEBUG\VC110.PDB
C:\USERS\ADMINISTRATOR\DOCUMENTS\VISUAL STUDIO 2012\PROJECTS\YSPO\DEBUG\YSPO.ILK
C:\USERS\ADMINISTRATOR\DOCUMENTS\VISUAL STUDIO 2012\PROJECTS\YSPO\DEBUG\YSPO.EXE
C:\USERS\ADMINISTRATOR\DOCUMENTS\VISUAL STUDIO 2012\PROJECTS\YSPO\DEBUG\YSPO.PDB
C:\Users\Administrator\Documents\Visual Studio 2012\Projects\Yspo\Debug\app.obj
C:\Users\Administrator\Documents\Visual Studio 2012\Projects\Yspo\Debug\connection.obj
C:\Users\Administrator\Documents\Visual Studio 2012\Projects\Yspo\Debug\cookie.obj
C:\Users\Administrator\Documents\Visual Studio 2012\Projects\Yspo\Debug\main.obj
C:\Users\Administrator\Documents\Visual Studio 2012\Projects\Yspo\Debug\request.obj
C:\Users\Administrator\Documents\Visual Studio 2012\Projects\Yspo\Debug\response.obj
C:\Users\Administrator\Documents\Visual Studio 2012\Projects\Yspo\Debug\server.obj
C:\Users\Administrator\Documents\Visual Studio 2012\Projects\Yspo\Debug\session.obj
C:\Users\Administrator\Documents\Visual Studio 2012\Projects\Yspo\Debug\utils.obj
C:\Users\Administrator\Documents\Visual Studio 2012\Projects\Yspo\Debug\Yspo.ilk
C:\Users\Administrator\Documents\Visual Studio 2012\Projects\Yspo\Debug\cl.command.1.tlog
C:\Users\Administrator\Documents\Visual Studio 2012\Projects\Yspo\Debug\CL.read.1.tlog
C:\Users\Administrator\Documents\Visual Studio 2012\Projects\Yspo\Debug\CL.write.1.tlog
C:\Users\Administrator\Documents\Visual Studio 2012\Projects\Yspo\Debug\link-cvtres.read.1.tlog
C:\Users\Administrator\Documents\Visual Studio 2012\Projects\Yspo\Debug\link-cvtres.write.1.tlog
C:\Users\Administrator\Documents\Visual Studio 2012\Projects\Yspo\Debug\link-rc.read.1.tlog
C:\Users\Administrator\Documents\Visual Studio 2012\Projects\Yspo\Debug\link-rc.write.1.tlog
C:\Users\Administrator\Documents\Visual Studio 2012\Projects\Yspo\Debug\link.10012-cvtres.read.1.tlog
C:\Users\Administrator\Documents\Visual Studio 2012\Projects\Yspo\Debug\link.10012-cvtres.write.1.tlog
C:\Users\Administrator\Documents\Visual Studio 2012\Projects\Yspo\Debug\link.10012-rc.read.1.tlog
C:\Users\Administrator\Documents\Visual Studio 2012\Projects\Yspo\Debug\link.10012-rc.write.1.tlog
C:\Users\Administrator\Documents\Visual Studio 2012\Projects\Yspo\Debug\link.10012.read.1.tlog
C:\Users\Administrator\Documents\Visual Studio 2012\Projects\Yspo\Debug\link.10012.write.1.tlog
C:\Users\Administrator\Documents\Visual Studio 2012\Projects\Yspo\Debug\link.10108-cvtres.read.1.tlog
C:\Users\Administrator\Documents\Visual Studio 2012\Projects\Yspo\Debug\link.10108-cvtres.write.1.tlog
C:\Users\Administrator\Documents\Visual Studio 2012\Projects\Yspo\Debug\link.10108-rc.read.1.tlog
C:\Users\Administrator\Documents\Visual Studio 2012\Projects\Yspo\Debug\link.10108-rc.write.1.tlog
C:\Users\Administrator\Documents\Visual Studio 2012\Projects\Yspo\Debug\link.10108.read.1.tlog
C:\Users\Administrator\Documents\Visual Studio 2012\Projects\Yspo\Debug\link.10108.write.1.tlog
C:\Users\Administrator\Documents\Visual Studio 2012\Projects\Yspo\Debug\link.1284-cvtres.read.1.tlog
C:\Users\Administrator\Documents\Visual Studio 2012\Projects\Yspo\Debug\link.1284-cvtres.write.1.tlog
C:\Users\Administrator\Documents\Visual Studio 2012\Projects\Yspo\Debug\link.1284-rc.read.1.tlog
C:\Users\Administrator\Documents\Visual Studio 2012\Projects\Yspo\Debug\link.1284-rc.write.1.tlog
C:\Users\Administrator\Documents\Visual Studio 2012\Projects\Yspo\Debug\link.1284.read.1.tlog
C:\Users\Administrator\Documents\Visual Studio 2012\Projects\Yspo\Debug\link.1284.write.1.tlog
C:\Users\Administrator\Documents\Visual Studio 2012\Projects\Yspo\Debug\link.1288.read.1.tlog
C:\Users\Administrator\Documents\Visual Studio 2012\Projects\Yspo\Debug\link.1288.write.1.tlog
C:\Users\Administrator\Documents\Visual Studio 2012\Projects\Yspo\Debug\link.2028-cvtres.read.1.tlog
C:\Users\Administrator\Documents\Visual Studio 2012\Projects\Yspo\Debug\link.2028-cvtres.write.1.tlog
C:\Users\Administrator\Documents\Visual Studio 2012\Projects\Yspo\Debug\link.2028-rc.read.1.tlog
C:\Users\Administrator\Documents\Visual Studio 2012\Projects\Yspo\Debug\link.2028-rc.write.1.tlog
C:\Users\Administrator\Documents\Visual Studio 2012\Projects\Yspo\Debug\link.2028.read.1.tlog
C:\Users\Administrator\Documents\Visual Studio 2012\Projects\Yspo\Debug\link.2028.write.1.tlog
C:\Users\Administrator\Documents\Visual Studio 2012\Projects\Yspo\Debug\link.2216-cvtres.read.1.tlog
C:\Users\Administrator\Documents\Visual Studio 2012\Projects\Yspo\Debug\link.2216-cvtres.write.1.tlog
C:\Users\Administrator\Documents\Visual Studio 2012\Projects\Yspo\Debug\link.2216-rc.read.1.tlog
C:\Users\Administrator\Documents\Visual Studio 2012\Projects\Yspo\Debug\link.2216-rc.write.1.tlog
C:\Users\Administrator\Documents\Visual Studio 2012\Projects\Yspo\Debug\link.2216.read.1.tlog
C:\Users\Administrator\Documents\Visual Studio 2012\Projects\Yspo\Debug\link.2216.write.1.tlog
C:\Users\Administrator\Documents\Visual Studio 2012\Projects\Yspo\Debug\link.3120-cvtres.read.1.tlog
C:\Users\Administrator\Documents\Visual Studio 2012\Projects\Yspo\Debug\link.3120-cvtres.write.1.tlog
C:\Users\Administrator\Documents\Visual Studio 2012\Projects\Yspo\Debug\link.3120-rc.read.1.tlog
C:\Users\Administrator\Documents\Visual Studio 2012\Projects\Yspo\Debug\link.3120-rc.write.1.tlog
C:\Users\Administrator\Documents\Visual Studio 2012\Projects\Yspo\Debug\link.3120.read.1.tlog
C:\Users\Administrator\Documents\Visual Studio 2012\Projects\Yspo\Debug\link.3120.write.1.tlog
C:\Users\Administrator\Documents\Visual Studio 2012\Projects\Yspo\Debug\link.3192-cvtres.read.1.tlog
C:\Users\Administrator\Documents\Visual Studio 2012\Projects\Yspo\Debug\link.3192-cvtres.write.1.tlog
C:\Users\Administrator\Documents\Visual Studio 2012\Projects\Yspo\Debug\link.3192-rc.read.1.tlog
C:\Users\Administrator\Documents\Visual Studio 2012\Projects\Yspo\Debug\link.3192-rc.write.1.tlog
C:\Users\Administrator\Documents\Visual Studio 2012\Projects\Yspo\Debug\link.3192.read.1.tlog
C:\Users\Administrator\Documents\Visual Studio 2012\Projects\Yspo\Debug\link.3192.write.1.tlog
C:\Users\Administrator\Documents\Visual Studio 2012\Projects\Yspo\Debug\link.3432-cvtres.read.1.tlog
C:\Users\Administrator\Documents\Visual Studio 2012\Projects\Yspo\Debug\link.3432-cvtres.write.1.tlog
C:\Users\Administrator\Documents\Visual Studio 2012\Projects\Yspo\Debug\link.3432-rc.read.1.tlog
C:\Users\Administrator\Documents\Visual Studio 2012\Projects\Yspo\Debug\link.3432-rc.write.1.tlog
C:\Users\Administrator\Documents\Visual Studio 2012\Projects\Yspo\Debug\link.3432.read.1.tlog
C:\Users\Administrator\Documents\Visual Studio 2012\Projects\Yspo\Debug\link.3432.write.1.tlog
C:\Users\Administrator\Documents\Visual Studio 2012\Projects\Yspo\Debug\link.3604-cvtres.read.1.tlog
C:\Users\Administrator\Documents\Visual Studio 2012\Projects\Yspo\Debug\link.3604-cvtres.write.1.tlog
C:\Users\Administrator\Documents\Visual Studio 2012\Projects\Yspo\Debug\link.3604-rc.read.1.tlog
C:\Users\Administrator\Documents\Visual Studio 2012\Projects\Yspo\Debug\link.3604-rc.write.1.tlog
C:\Users\Administrator\Documents\Visual Studio 2012\Projects\Yspo\Debug\link.3604.read.1.tlog
C:\Users\Administrator\Documents\Visual Studio 2012\Projects\Yspo\Debug\link.3604.write.1.tlog
C:\Users\Administrator\Documents\Visual Studio 2012\Projects\Yspo\Debug\link.3732-cvtres.read.1.tlog
C:\Users\Administrator\Documents\Visual Studio 2012\Projects\Yspo\Debug\link.3732-cvtres.write.1.tlog
C:\Users\Administrator\Documents\Visual Studio 2012\Projects\Yspo\Debug\link.3732-rc.read.1.tlog
C:\Users\Administrator\Documents\Visual Studio 2012\Projects\Yspo\Debug\link.3732-rc.write.1.tlog
C:\Users\Administrator\Documents\Visual Studio 2012\Projects\Yspo\Debug\link.3732.read.1.tlog
C:\Users\Administrator\Documents\Visual Studio 2012\Projects\Yspo\Debug\link.3732.write.1.tlog
C:\Users\Administrator\Documents\Visual Studio 2012\Projects\Yspo\Debug\link.3904-cvtres.read.1.tlog
C:\Users\Administrator\Documents\Visual Studio 2012\Projects\Yspo\Debug\link.3904-cvtres.write.1.tlog
C:\Users\Administrator\Documents\Visual Studio 2012\Projects\Yspo\Debug\link.3904-rc.read.1.tlog
C:\Users\Administrator\Documents\Visual Studio 2012\Projects\Yspo\Debug\link.3904-rc.write.1.tlog
C:\Users\Administrator\Documents\Visual Studio 2012\Projects\Yspo\Debug\link.3904.read.1.tlog
C:\Users\Administrator\Documents\Visual Studio 2012\Projects\Yspo\Debug\link.3904.write.1.tlog
C:\Users\Administrator\Documents\Visual Studio 2012\Projects\Yspo\Debug\link.5676-cvtres.read.1.tlog
C:\Users\Administrator\Documents\Visual Studio 2012\Projects\Yspo\Debug\link.5676-cvtres.write.1.tlog
C:\Users\Administrator\Documents\Visual Studio 2012\Projects\Yspo\Debug\link.5676-rc.read.1.tlog
C:\Users\Administrator\Documents\Visual Studio 2012\Projects\Yspo\Debug\link.5676-rc.write.1.tlog
C:\Users\Administrator\Documents\Visual Studio 2012\Projects\Yspo\Debug\link.5676.read.1.tlog
C:\Users\Administrator\Documents\Visual Studio 2012\Projects\Yspo\Debug\link.5676.write.1.tlog
C:\Users\Administrator\Documents\Visual Studio 2012\Projects\Yspo\Debug\link.5828-cvtres.read.1.tlog
C:\Users\Administrator\Documents\Visual Studio 2012\Projects\Yspo\Debug\link.5828-cvtres.write.1.tlog
C:\Users\Administrator\Documents\Visual Studio 2012\Projects\Yspo\Debug\link.5828-rc.read.1.tlog
C:\Users\Administrator\Documents\Visual Studio 2012\Projects\Yspo\Debug\link.5828-rc.write.1.tlog
C:\Users\Administrator\Documents\Visual Studio 2012\Projects\Yspo\Debug\link.5828.read.1.tlog
C:\Users\Administrator\Documents\Visual Studio 2012\Projects\Yspo\Debug\link.5828.write.1.tlog
C:\Users\Administrator\Documents\Visual Studio 2012\Projects\Yspo\Debug\link.6080-cvtres.read.1.tlog
C:\Users\Administrator\Documents\Visual Studio 2012\Projects\Yspo\Debug\link.6080-cvtres.write.1.tlog
C:\Users\Administrator\Documents\Visual Studio 2012\Projects\Yspo\Debug\link.6080-rc.read.1.tlog
C:\Users\Administrator\Documents\Visual Studio 2012\Projects\Yspo\Debug\link.6080-rc.write.1.tlog
C:\Users\Administrator\Documents\Visual Studio 2012\Projects\Yspo\Debug\link.6080.read.1.tlog
C:\Users\Administrator\Documents\Visual Studio 2012\Projects\Yspo\Debug\link.6080.write.1.tlog
C:\Users\Administrator\Documents\Visual Studio 2012\Projects\Yspo\Debug\link.6192-cvtres.read.1.tlog
C:\Users\Administrator\Documents\Visual Studio 2012\Projects\Yspo\Debug\link.6192-cvtres.write.1.tlog
C:\Users\Administrator\Documents\Visual Studio 2012\Projects\Yspo\Debug\link.6192-rc.read.1.tlog
C:\Users\Administrator\Documents\Visual Studio 2012\Projects\Yspo\Debug\link.6192-rc.write.1.tlog
C:\Users\Administrator\Documents\Visual Studio 2012\Projects\Yspo\Debug\link.6192.read.1.tlog
C:\Users\Administrator\Documents\Visual Studio 2012\Projects\Yspo\Debug\link.6192.write.1.tlog
C:\Users\Administrator\Documents\Visual Studio 2012\Projects\Yspo\Debug\link.6624-cvtres.read.1.tlog
C:\Users\Administrator\Documents\Visual Studio 2012\Projects\Yspo\Debug\link.6624-cvtres.write.1.tlog
C:\Users\Administrator\Documents\Visual Studio 2012\Projects\Yspo\Debug\link.6624-rc.read.1.tlog
C:\Users\Administrator\Documents\Visual Studio 2012\Projects\Yspo\Debug\link.6624-rc.write.1.tlog
C:\Users\Administrator\Documents\Visual Studio 2012\Projects\Yspo\Debug\link.6624.read.1.tlog
C:\Users\Administrator\Documents\Visual Studio 2012\Projects\Yspo\Debug\link.6624.write.1.tlog
C:\Users\Administrator\Documents\Visual Studio 2012\Projects\Yspo\Debug\link.7132-cvtres.read.1.tlog
C:\Users\Administrator\Documents\Visual Studio 2012\Projects\Yspo\Debug\link.7132-cvtres.write.1.tlog
C:\Users\Administrator\Documents\Visual Studio 2012\Projects\Yspo\Debug\link.7132-rc.read.1.tlog
C:\Users\Administrator\Documents\Visual Studio 2012\Projects\Yspo\Debug\link.7132-rc.write.1.tlog
C:\Users\Administrator\Documents\Visual Studio 2012\Projects\Yspo\Debug\link.7132.read.1.tlog
C:\Users\Administrator\Documents\Visual Studio 2012\Projects\Yspo\Debug\link.7132.write.1.tlog
C:\Users\Administrator\Documents\Visual Studio 2012\Projects\Yspo\Debug\link.7408-cvtres.read.1.tlog
C:\Users\Administrator\Documents\Visual Studio 2012\Projects\Yspo\Debug\link.7408-cvtres.write.1.tlog
C:\Users\Administrator\Documents\Visual Studio 2012\Projects\Yspo\Debug\link.7408-rc.read.1.tlog
C:\Users\Administrator\Documents\Visual Studio 2012\Projects\Yspo\Debug\link.7408-rc.write.1.tlog
C:\Users\Administrator\Documents\Visual Studio 2012\Projects\Yspo\Debug\link.7408.read.1.tlog
C:\Users\Administrator\Documents\Visual Studio 2012\Projects\Yspo\Debug\link.7408.write.1.tlog
C:\Users\Administrator\Documents\Visual Studio 2012\Projects\Yspo\Debug\link.7820-cvtres.read.1.tlog
C:\Users\Administrator\Documents\Visual Studio 2012\Projects\Yspo\Debug\link.7820-cvtres.write.1.tlog
C:\Users\Administrator\Documents\Visual Studio 2012\Projects\Yspo\Debug\link.7820-rc.read.1.tlog
C:\Users\Administrator\Documents\Visual Studio 2012\Projects\Yspo\Debug\link.7820-rc.write.1.tlog
C:\Users\Administrator\Documents\Visual Studio 2012\Projects\Yspo\Debug\link.7820.read.1.tlog
C:\Users\Administrator\Documents\Visual Studio 2012\Projects\Yspo\Debug\link.7820.write.1.tlog
C:\Users\Administrator\Documents\Visual Studio 2012\Projects\Yspo\Debug\link.8308-cvtres.read.1.tlog
C:\Users\Administrator\Documents\Visual Studio 2012\Projects\Yspo\Debug\link.8308-cvtres.write.1.tlog
C:\Users\Administrator\Documents\Visual Studio 2012\Projects\Yspo\Debug\link.8308-rc.read.1.tlog
C:\Users\Administrator\Documents\Visual Studio 2012\Projects\Yspo\Debug\link.8308-rc.write.1.tlog
C:\Users\Administrator\Documents\Visual Studio 2012\Projects\Yspo\Debug\link.8308.read.1.tlog
C:\Users\Administrator\Documents\Visual Studio 2012\Projects\Yspo\Debug\link.8308.write.1.tlog
C:\Users\Administrator\Documents\Visual Studio 2012\Projects\Yspo\Debug\link.8472-cvtres.read.1.tlog
C:\Users\Administrator\Documents\Visual Studio 2012\Projects\Yspo\Debug\link.8472-cvtres.write.1.tlog
C:\Users\Administrator\Documents\Visual Studio 2012\Projects\Yspo\Debug\link.8472-rc.read.1.tlog
C:\Users\Administrator\Documents\Visual Studio 2012\Projects\Yspo\Debug\link.8472-rc.write.1.tlog
C:\Users\Administrator\Documents\Visual Studio 2012\Projects\Yspo\Debug\link.8472.read.1.tlog
C:\Users\Administrator\Documents\Visual Studio 2012\Projects\Yspo\Debug\link.8472.write.1.tlog
C:\Users\Administrator\Documents\Visual Studio 2012\Projects\Yspo\Debug\link.8632-cvtres.read.1.tlog
C:\Users\Administrator\Documents\Visual Studio 2012\Projects\Yspo\Debug\link.8632-cvtres.write.1.tlog
C:\Users\Administrator\Documents\Visual Studio 2012\Projects\Yspo\Debug\link.8632-rc.read.1.tlog
C:\Users\Administrator\Documents\Visual Studio 2012\Projects\Yspo\Debug\link.8632-rc.write.1.tlog
C:\Users\Administrator\Documents\Visual Studio 2012\Projects\Yspo\Debug\link.8632.read.1.tlog
C:\Users\Administrator\Documents\Visual Studio 2012\Projects\Yspo\Debug\link.8632.write.1.tlog
C:\Users\Administrator\Documents\Visual Studio 2012\Projects\Yspo\Debug\link.8668-cvtres.read.1.tlog
C:\Users\Administrator\Documents\Visual Studio 2012\Projects\Yspo\Debug\link.8668-cvtres.write.1.tlog
C:\Users\Administrator\Documents\Visual Studio 2012\Projects\Yspo\Debug\link.8668-rc.read.1.tlog
C:\Users\Administrator\Documents\Visual Studio 2012\Projects\Yspo\Debug\link.8668-rc.write.1.tlog
C:\Users\Administrator\Documents\Visual Studio 2012\Projects\Yspo\Debug\link.8668.read.1.tlog
C:\Users\Administrator\Documents\Visual Studio 2012\Projects\Yspo\Debug\link.8668.write.1.tlog
C:\Users\Administrator\Documents\Visual Studio 2012\Projects\Yspo\Debug\link.8848-cvtres.read.1.tlog
C:\Users\Administrator\Documents\Visual Studio 2012\Projects\Yspo\Debug\link.8848-cvtres.write.1.tlog
C:\Users\Administrator\Documents\Visual Studio 2012\Projects\Yspo\Debug\link.8848-rc.read.1.tlog
C:\Users\Administrator\Documents\Visual Studio 2012\Projects\Yspo\Debug\link.8848-rc.write.1.tlog
C:\Users\Administrator\Documents\Visual Studio 2012\Projects\Yspo\Debug\link.8848.read.1.tlog
C:\Users\Administrator\Documents\Visual Studio 2012\Projects\Yspo\Debug\link.8848.write.1.tlog
C:\Users\Administrator\Documents\Visual Studio 2012\Projects\Yspo\Debug\link.8868-cvtres.read.1.tlog
C:\Users\Administrator\Documents\Visual Studio 2012\Projects\Yspo\Debug\link.8868-cvtres.write.1.tlog
C:\Users\Administrator\Documents\Visual Studio 2012\Projects\Yspo\Debug\link.8868-rc.read.1.tlog
C:\Users\Administrator\Documents\Visual Studio 2012\Projects\Yspo\Debug\link.8868-rc.write.1.tlog
C:\Users\Administrator\Documents\Visual Studio 2012\Projects\Yspo\Debug\link.8868.read.1.tlog
C:\Users\Administrator\Documents\Visual Studio 2012\Projects\Yspo\Debug\link.8868.write.1.tlog
C:\Users\Administrator\Documents\Visual Studio 2012\Projects\Yspo\Debug\link.command.1.tlog
C:\Users\Administrator\Documents\Visual Studio 2012\Projects\Yspo\Debug\link.read.1.tlog
C:\Users\Administrator\Documents\Visual Studio 2012\Projects\Yspo\Debug\link.write.1.tlog
C:\Users\Administrator\Documents\Visual Studio 2012\Projects\Yspo\Debug\vc110.idb
C:\Users\Administrator\Documents\Visual Studio 2012\Projects\Yspo\Debug\vc110.pdb
C:\Users\Administrator\Documents\Visual Studio 2012\Projects\Yspo\Debug\Yspo.pdb
C:\Users\Administrator\Documents\Visual Studio 2012\Projects\Yspo\Debug\Yspo.exe
