生成启动时间为 2019/1/20 18:50:52。
     1>项目“C:\Users\Administrator\Documents\Visual Studio 2012\Projects\Yspo\Yspo.vcxproj”在节点 2 上(Build 个目标)。
     1>ClCompile:
         C:\Program Files (x86)\Microsoft Visual Studio 11.0\VC\bin\CL.exe /c /I"D:\Program Files\boost_1_67_0" /ZI /nologo /W3 /WX- /Od /Oy- /D WIN32 /D _DEBUG /D _CONSOLE /D _UNICODE /D UNICODE /D _SCL_SECURE_NO_WARNINGS /Gm /EHsc /RTC1 /MDd /GS /fp:precise /Zc:wchar_t /Zc:forScope /Fo"Debug\\" /Fd"Debug\vc110.pdb" /Gd /TP /analyze- /errorReport:prompt main.cpp
         main.cpp
         Please define _WIN32_WINNT or _WIN32_WINDOWS appropriately. For example:
         - add -D_WIN32_WINNT=0x0501 to the compiler command line; or
         - add _WIN32_WINNT=0x0501 to your project's Preprocessor Definitions.
         Assuming _WIN32_WINNT=0x0501 (i.e. Windows XP target).
       Link:
         C:\Program Files (x86)\Microsoft Visual Studio 11.0\VC\bin\link.exe /ERRORREPORT:PROMPT /OUT:"C:\Users\Administrator\Documents\Visual Studio 2012\Projects\Yspo\Debug\Yspo.exe" /INCREMENTAL /NOLOGO /LIBPATH:"D:\Program Files\boost_1_67_0\bin\vc11\lib" kernel32.lib user32.lib gdi32.lib winspool.lib comdlg32.lib advapi32.lib shell32.lib ole32.lib oleaut32.lib uuid.lib odbc32.lib odbccp32.lib /MANIFEST /MANIFESTUAC:"level='asInvoker' uiAccess='false'" /manifest:embed /DEBUG /PDB:"C:\Users\Administrator\Documents\Visual Studio 2012\Projects\Yspo\Debug\Yspo.pdb" /SUBSYSTEM:CONSOLE /TLBID:1 /DYNAMICBASE /NXCOMPAT /IMPLIB:"C:\Users\Administrator\Documents\Visual Studio 2012\Projects\Yspo\Debug\Yspo.lib" /MACHINE:X86 Debug\app.obj
         Debug\connection.obj
         Debug\cookie.obj
         Debug\main.obj
         Debug\request.obj
         Debug\response.obj
         Debug\server.obj
         Debug\session.obj
         Debug\utils.obj
         Yspo.vcxproj -> C:\Users\Administrator\Documents\Visual Studio 2012\Projects\Yspo\Debug\Yspo.exe
     1>已完成生成项目“C:\Users\Administrator\Documents\Visual Studio 2012\Projects\Yspo\Yspo.vcxproj”(Build 个目标)的操作。

生成成功。

已用时间 00:00:25.56
